<?xml version="1.0" encoding="UTF-8"?>
<testsuite name="MainKtTest" tests="10" skipped="0" failures="0" errors="0" timestamp="2024-11-29T11:28:17" hostname="DESKTOP-CON78IL" time="0.018">
  <properties/>
  <testcase name="testNoCommissionMastercard" classname="MainKtTest" time="0.015"/>
  <testcase name="testCommissionMastercard" classname="MainKtTest" time="0.001"/>
  <testcase name="testCommissionMastercardEntireTransfer" classname="MainKtTest" time="0.0"/>
  <testcase name="testMonthlyLimitExceeded" classname="MainKtTest" time="0.0"/>
  <testcase name="testCommissionMastercardExceededLimit" classname="MainKtTest" time="0.0"/>
  <testcase name="testCommissionVisa" classname="MainKtTest" time="0.0"/>
  <testcase name="testUnsupportedCardType" classname="MainKtTest" time="0.0"/>
  <testcase name="testMinimumCommissionVisa" classname="MainKtTest" time="0.001"/>
  <testcase name="testDailyLimitExceeded" classname="MainKtTest" time="0.0"/>
  <testcase name="testCommissionMir" classname="MainKtTest" time="0.0"/>
  <system-out><![CDATA[]]></system-out>
  <system-err><![CDATA[]]></system-err>
</testsuite>
